<?xml version="1.0" encoding="UTF-8"?>
<!-- Generated by org.testng.reporters.JUnitReportReporter -->
<testsuite hostname="MT-31195758H" failures="0" tests="1" name="eazydiner.HelpTc" time="54.463" errors="0" timestamp="2021-11-19T21:11:23 IST" skipped="0">
  <testcase classname="eazydiner.HelpTc" name="testHelpTC" time="54.463"/>
  <system-out/>
</testsuite> <!-- eazydiner.HelpTc -->
