<?xml version="1.0" encoding="UTF-8"?>
<!-- Generated by org.testng.reporters.JUnitReportReporter -->
<testsuite hostname="MT-31195758H" failures="0" tests="1" name="eazydiner.LocationFilter" time="47.327" errors="0" timestamp="2021-11-20T17:19:09 IST" skipped="0">
  <testcase classname="eazydiner.LocationFilter" name="testLocationFilter" time="47.327"/>
  <system-out/>
</testsuite> <!-- eazydiner.LocationFilter -->
