<?xml version="1.0" encoding="UTF-8"?>
<!-- Generated by org.testng.reporters.JUnitReportReporter -->
<testsuite hostname="MT-31195758H" failures="0" tests="1" name="eazydiner.SearchBarTC" time="44.910" errors="0" timestamp="2021-11-19T20:37:57 IST" skipped="0">
  <testcase classname="eazydiner.SearchBarTC" name="testSearchFunctionality" time="44.910"/>
  <system-out/>
</testsuite> <!-- eazydiner.SearchBarTC -->
