<?xml version="1.0" encoding="UTF-8"?>
<!-- Generated by org.testng.reporters.JUnitReportReporter -->
<testsuite hostname="MT-31195758H" failures="0" tests="1" name="eazydiner.Delivery" time="139.805" errors="0" timestamp="2021-11-19T21:11:23 IST" skipped="0">
  <testcase classname="eazydiner.Delivery" name="testDeliveryFunctionality" time="139.805"/>
  <system-out/>
</testsuite> <!-- eazydiner.Delivery -->
