<?xml version="1.0" encoding="UTF-8"?>
<!-- Generated by org.testng.reporters.JUnitReportReporter -->
<testsuite hostname="MT-31195758H" failures="0" tests="1" name="eazydiner.LocationFilter" time="35.422" errors="0" timestamp="2021-11-19T22:41:29 IST" skipped="0">
  <testcase classname="eazydiner.LocationFilter" name="testLocationFilter" time="35.422"/>
  <system-out/>
</testsuite> <!-- eazydiner.LocationFilter -->
