<?xml version="1.0" encoding="UTF-8"?>
<!-- Generated by org.testng.reporters.JUnitReportReporter -->
<testsuite hostname="MT-31195758H" failures="0" tests="1" name="eazydiner.HelpTc" time="85.088" errors="0" timestamp="2021-11-19T22:41:29 IST" skipped="0">
  <testcase classname="eazydiner.HelpTc" name="testHelpTC" time="85.088"/>
  <system-out/>
</testsuite> <!-- eazydiner.HelpTc -->
